[09:05:54] [main/INFO]: Setting user: Player813
[09:05:56] [Client thread/INFO]: LWJGL Version: 2.9.1
[09:06:00] [Client thread/INFO]: Reloading ResourceManager: Default, FMLFileResourcePack:Forge Mod Loader, FMLFileResourcePack:Minecraft Forge, FMLFileResourcePack:Not Enough Items, FMLFileResourcePack:Forge Microblocks, FMLFileResourcePack:Forge Multipart, FMLFileResourcePack:Minecraft Multipart Plugin, FMLFileResourcePack:Mekanism, FMLFileResourcePack:MekanismGenerators, FMLFileResourcePack:MekanismTools
[09:06:02] [Sound Library Loader/INFO]: Sound engine started
[09:06:03] [Client thread/INFO]: Created: 1024x512 textures/blocks-atlas
[09:06:03] [Client thread/INFO]: Created: 512x512 textures/items-atlas
[09:06:04] [Client thread/INFO]: Reloading ResourceManager: Default, FMLFileResourcePack:Forge Mod Loader, FMLFileResourcePack:Minecraft Forge, FMLFileResourcePack:Not Enough Items, FMLFileResourcePack:Forge Microblocks, FMLFileResourcePack:Forge Multipart, FMLFileResourcePack:Minecraft Multipart Plugin, FMLFileResourcePack:Mekanism, FMLFileResourcePack:MekanismGenerators, FMLFileResourcePack:MekanismTools
[09:06:04] [Client thread/ERROR]: Using missing texture, unable to load mekanism:textures/blocks/models/SmallTransmitterVertical.png
java.io.FileNotFoundException: mekanism:textures/blocks/models/SmallTransmitterVertical.png
	at net.minecraft.client.resources.FallbackResourceManager.getResource(FallbackResourceManager.java:65) ~[FallbackResourceManager.class:?]
	at net.minecraft.client.resources.SimpleReloadableResourceManager.getResource(SimpleReloadableResourceManager.java:67) ~[SimpleReloadableResourceManager.class:?]
	at net.minecraft.client.renderer.texture.TextureMap.loadTextureAtlas(TextureMap.java:126) [TextureMap.class:?]
	at net.minecraft.client.renderer.texture.TextureMap.loadTexture(TextureMap.java:91) [TextureMap.class:?]
	at net.minecraft.client.renderer.texture.TextureManager.loadTexture(TextureManager.java:89) [TextureManager.class:?]
	at net.minecraft.client.renderer.texture.TextureManager.onResourceManagerReload(TextureManager.java:170) [TextureManager.class:?]
	at net.minecraft.client.resources.SimpleReloadableResourceManager.notifyReloadListeners(SimpleReloadableResourceManager.java:134) [SimpleReloadableResourceManager.class:?]
	at net.minecraft.client.resources.SimpleReloadableResourceManager.reloadResources(SimpleReloadableResourceManager.java:118) [SimpleReloadableResourceManager.class:?]
	at net.minecraft.client.Minecraft.refreshResources(Minecraft.java:643) [Minecraft.class:?]
	at cpw.mods.fml.client.FMLClientHandler.finishMinecraftLoading(FMLClientHandler.java:303) [FMLClientHandler.class:?]
	at net.minecraft.client.Minecraft.startGame(Minecraft.java:586) [Minecraft.class:?]
	at net.minecraft.client.Minecraft.run(Minecraft.java:931) [Minecraft.class:?]
	at net.minecraft.client.main.Main.main(Main.java:164) [Main.class:?]
	at sun.reflect.NativeMethodAccessorImpl.invoke0(Native Method) ~[?:1.8.0_111]
	at sun.reflect.NativeMethodAccessorImpl.invoke(Unknown Source) ~[?:1.8.0_111]
	at sun.reflect.DelegatingMethodAccessorImpl.invoke(Unknown Source) ~[?:1.8.0_111]
	at java.lang.reflect.Method.invoke(Unknown Source) ~[?:1.8.0_111]
	at net.minecraft.launchwrapper.Launch.launch(Launch.java:135) [launchwrapper-1.11.jar:?]
	at net.minecraft.launchwrapper.Launch.main(Launch.java:28) [launchwrapper-1.11.jar:?]
	at net.minecraftforge.gradle.GradleStartCommon.launch(Unknown Source) [start/:?]
	at GradleStart.main(Unknown Source) [start/:?]
[09:06:04] [Client thread/ERROR]: Using missing texture, unable to load mekanism:textures/blocks/models/SmallTransmitterHorizontal.png
java.io.FileNotFoundException: mekanism:textures/blocks/models/SmallTransmitterHorizontal.png
	at net.minecraft.client.resources.FallbackResourceManager.getResource(FallbackResourceManager.java:65) ~[FallbackResourceManager.class:?]
	at net.minecraft.client.resources.SimpleReloadableResourceManager.getResource(SimpleReloadableResourceManager.java:67) ~[SimpleReloadableResourceManager.class:?]
	at net.minecraft.client.renderer.texture.TextureMap.loadTextureAtlas(TextureMap.java:126) [TextureMap.class:?]
	at net.minecraft.client.renderer.texture.TextureMap.loadTexture(TextureMap.java:91) [TextureMap.class:?]
	at net.minecraft.client.renderer.texture.TextureManager.loadTexture(TextureManager.java:89) [TextureManager.class:?]
	at net.minecraft.client.renderer.texture.TextureManager.onResourceManagerReload(TextureManager.java:170) [TextureManager.class:?]
	at net.minecraft.client.resources.SimpleReloadableResourceManager.notifyReloadListeners(SimpleReloadableResourceManager.java:134) [SimpleReloadableResourceManager.class:?]
	at net.minecraft.client.resources.SimpleReloadableResourceManager.reloadResources(SimpleReloadableResourceManager.java:118) [SimpleReloadableResourceManager.class:?]
	at net.minecraft.client.Minecraft.refreshResources(Minecraft.java:643) [Minecraft.class:?]
	at cpw.mods.fml.client.FMLClientHandler.finishMinecraftLoading(FMLClientHandler.java:303) [FMLClientHandler.class:?]
	at net.minecraft.client.Minecraft.startGame(Minecraft.java:586) [Minecraft.class:?]
	at net.minecraft.client.Minecraft.run(Minecraft.java:931) [Minecraft.class:?]
	at net.minecraft.client.main.Main.main(Main.java:164) [Main.class:?]
	at sun.reflect.NativeMethodAccessorImpl.invoke0(Native Method) ~[?:1.8.0_111]
	at sun.reflect.NativeMethodAccessorImpl.invoke(Unknown Source) ~[?:1.8.0_111]
	at sun.reflect.DelegatingMethodAccessorImpl.invoke(Unknown Source) ~[?:1.8.0_111]
	at java.lang.reflect.Method.invoke(Unknown Source) ~[?:1.8.0_111]
	at net.minecraft.launchwrapper.Launch.launch(Launch.java:135) [launchwrapper-1.11.jar:?]
	at net.minecraft.launchwrapper.Launch.main(Launch.java:28) [launchwrapper-1.11.jar:?]
	at net.minecraftforge.gradle.GradleStartCommon.launch(Unknown Source) [start/:?]
	at GradleStart.main(Unknown Source) [start/:?]
[09:06:05] [Client thread/INFO]: Created: 1024x512 textures/blocks-atlas
[09:06:05] [Client thread/INFO]: Created: 512x512 textures/items-atlas
[09:06:06] [Sound Library Loader/INFO]: Sound engine started
[09:06:25] [Client thread/INFO]: Connecting to localhost, 25565
[09:06:26] [Server Connector #1/ERROR]: Couldn't connect to server
java.net.ConnectException: Connection refused: no further information: localhost/127.0.0.1:25565
	at sun.nio.ch.SocketChannelImpl.checkConnect(Native Method) ~[?:1.8.0_111]
	at sun.nio.ch.SocketChannelImpl.finishConnect(Unknown Source) ~[?:1.8.0_111]
	at io.netty.channel.socket.nio.NioSocketChannel.doFinishConnect(NioSocketChannel.java:191) ~[NioSocketChannel.class:?]
	at io.netty.channel.nio.AbstractNioChannel$AbstractNioUnsafe.finishConnect(AbstractNioChannel.java:228) ~[AbstractNioChannel$AbstractNioUnsafe.class:?]
	at io.netty.channel.nio.NioEventLoop.processSelectedKey(NioEventLoop.java:497) ~[NioEventLoop.class:?]
	at io.netty.channel.nio.NioEventLoop.processSelectedKeysOptimized(NioEventLoop.java:447) ~[NioEventLoop.class:?]
	at io.netty.channel.nio.NioEventLoop.run(NioEventLoop.java:341) ~[NioEventLoop.class:?]
	at io.netty.util.concurrent.SingleThreadEventExecutor$2.run(SingleThreadEventExecutor.java:101) ~[SingleThreadEventExecutor$2.class:?]
	at java.lang.Thread.run(Unknown Source) ~[?:1.8.0_111]
[09:08:36] [main/INFO]: Setting user: Player585
[09:08:37] [Client thread/INFO]: LWJGL Version: 2.9.1
[09:08:42] [Client thread/INFO]: Reloading ResourceManager: Default, FMLFileResourcePack:Forge Mod Loader, FMLFileResourcePack:Minecraft Forge, FMLFileResourcePack:Not Enough Items, FMLFileResourcePack:Forge Microblocks, FMLFileResourcePack:Forge Multipart, FMLFileResourcePack:Minecraft Multipart Plugin, FMLFileResourcePack:Mekanism, FMLFileResourcePack:MekanismGenerators, FMLFileResourcePack:MekanismTools
[09:08:44] [Sound Library Loader/INFO]: Sound engine started
[09:08:45] [Client thread/INFO]: Created: 1024x512 textures/blocks-atlas
[09:08:45] [Client thread/INFO]: Created: 512x512 textures/items-atlas
[09:08:46] [Client thread/INFO]: Reloading ResourceManager: Default, FMLFileResourcePack:Forge Mod Loader, FMLFileResourcePack:Minecraft Forge, FMLFileResourcePack:Not Enough Items, FMLFileResourcePack:Forge Microblocks, FMLFileResourcePack:Forge Multipart, FMLFileResourcePack:Minecraft Multipart Plugin, FMLFileResourcePack:Mekanism, FMLFileResourcePack:MekanismGenerators, FMLFileResourcePack:MekanismTools
[09:08:46] [Client thread/ERROR]: Using missing texture, unable to load mekanism:textures/blocks/models/SmallTransmitterVertical.png
java.io.FileNotFoundException: mekanism:textures/blocks/models/SmallTransmitterVertical.png
	at net.minecraft.client.resources.FallbackResourceManager.getResource(FallbackResourceManager.java:65) ~[FallbackResourceManager.class:?]
	at net.minecraft.client.resources.SimpleReloadableResourceManager.getResource(SimpleReloadableResourceManager.java:67) ~[SimpleReloadableResourceManager.class:?]
	at net.minecraft.client.renderer.texture.TextureMap.loadTextureAtlas(TextureMap.java:126) [TextureMap.class:?]
	at net.minecraft.client.renderer.texture.TextureMap.loadTexture(TextureMap.java:91) [TextureMap.class:?]
	at net.minecraft.client.renderer.texture.TextureManager.loadTexture(TextureManager.java:89) [TextureManager.class:?]
	at net.minecraft.client.renderer.texture.TextureManager.onResourceManagerReload(TextureManager.java:170) [TextureManager.class:?]
	at net.minecraft.client.resources.SimpleReloadableResourceManager.notifyReloadListeners(SimpleReloadableResourceManager.java:134) [SimpleReloadableResourceManager.class:?]
	at net.minecraft.client.resources.SimpleReloadableResourceManager.reloadResources(SimpleReloadableResourceManager.java:118) [SimpleReloadableResourceManager.class:?]
	at net.minecraft.client.Minecraft.refreshResources(Minecraft.java:643) [Minecraft.class:?]
	at cpw.mods.fml.client.FMLClientHandler.finishMinecraftLoading(FMLClientHandler.java:303) [FMLClientHandler.class:?]
	at net.minecraft.client.Minecraft.startGame(Minecraft.java:586) [Minecraft.class:?]
	at net.minecraft.client.Minecraft.run(Minecraft.java:931) [Minecraft.class:?]
	at net.minecraft.client.main.Main.main(Main.java:164) [Main.class:?]
	at sun.reflect.NativeMethodAccessorImpl.invoke0(Native Method) ~[?:1.8.0_111]
	at sun.reflect.NativeMethodAccessorImpl.invoke(Unknown Source) ~[?:1.8.0_111]
	at sun.reflect.DelegatingMethodAccessorImpl.invoke(Unknown Source) ~[?:1.8.0_111]
	at java.lang.reflect.Method.invoke(Unknown Source) ~[?:1.8.0_111]
	at net.minecraft.launchwrapper.Launch.launch(Launch.java:135) [launchwrapper-1.11.jar:?]
	at net.minecraft.launchwrapper.Launch.main(Launch.java:28) [launchwrapper-1.11.jar:?]
	at net.minecraftforge.gradle.GradleStartCommon.launch(Unknown Source) [start/:?]
	at GradleStart.main(Unknown Source) [start/:?]
[09:08:46] [Client thread/ERROR]: Using missing texture, unable to load mekanism:textures/blocks/models/SmallTransmitterHorizontal.png
java.io.FileNotFoundException: mekanism:textures/blocks/models/SmallTransmitterHorizontal.png
	at net.minecraft.client.resources.FallbackResourceManager.getResource(FallbackResourceManager.java:65) ~[FallbackResourceManager.class:?]
	at net.minecraft.client.resources.SimpleReloadableResourceManager.getResource(SimpleReloadableResourceManager.java:67) ~[SimpleReloadableResourceManager.class:?]
	at net.minecraft.client.renderer.texture.TextureMap.loadTextureAtlas(TextureMap.java:126) [TextureMap.class:?]
	at net.minecraft.client.renderer.texture.TextureMap.loadTexture(TextureMap.java:91) [TextureMap.class:?]
	at net.minecraft.client.renderer.texture.TextureManager.loadTexture(TextureManager.java:89) [TextureManager.class:?]
	at net.minecraft.client.renderer.texture.TextureManager.onResourceManagerReload(TextureManager.java:170) [TextureManager.class:?]
	at net.minecraft.client.resources.SimpleReloadableResourceManager.notifyReloadListeners(SimpleReloadableResourceManager.java:134) [SimpleReloadableResourceManager.class:?]
	at net.minecraft.client.resources.SimpleReloadableResourceManager.reloadResources(SimpleReloadableResourceManager.java:118) [SimpleReloadableResourceManager.class:?]
	at net.minecraft.client.Minecraft.refreshResources(Minecraft.java:643) [Minecraft.class:?]
	at cpw.mods.fml.client.FMLClientHandler.finishMinecraftLoading(FMLClientHandler.java:303) [FMLClientHandler.class:?]
	at net.minecraft.client.Minecraft.startGame(Minecraft.java:586) [Minecraft.class:?]
	at net.minecraft.client.Minecraft.run(Minecraft.java:931) [Minecraft.class:?]
	at net.minecraft.client.main.Main.main(Main.java:164) [Main.class:?]
	at sun.reflect.NativeMethodAccessorImpl.invoke0(Native Method) ~[?:1.8.0_111]
	at sun.reflect.NativeMethodAccessorImpl.invoke(Unknown Source) ~[?:1.8.0_111]
	at sun.reflect.DelegatingMethodAccessorImpl.invoke(Unknown Source) ~[?:1.8.0_111]
	at java.lang.reflect.Method.invoke(Unknown Source) ~[?:1.8.0_111]
	at net.minecraft.launchwrapper.Launch.launch(Launch.java:135) [launchwrapper-1.11.jar:?]
	at net.minecraft.launchwrapper.Launch.main(Launch.java:28) [launchwrapper-1.11.jar:?]
	at net.minecraftforge.gradle.GradleStartCommon.launch(Unknown Source) [start/:?]
	at GradleStart.main(Unknown Source) [start/:?]
[09:08:46] [Client thread/INFO]: Created: 1024x512 textures/blocks-atlas
[09:08:47] [Client thread/INFO]: Created: 512x512 textures/items-atlas
[09:08:47] [Sound Library Loader/INFO]: Sound engine started
[09:09:04] [Server thread/INFO]: Starting integrated minecraft server version 1.7.10
[09:09:04] [Server thread/INFO]: Generating keypair
[09:09:04] [Server thread/INFO]: Converting map!
[09:09:04] [Server thread/INFO]: Scanning folders...
[09:09:04] [Server thread/INFO]: Total conversion count is 0
[09:09:04] [Server thread/INFO]: Preparing start region for level 0
[09:09:05] [Server thread/INFO]: Preparing spawn area: 12%
[09:09:06] [Server thread/INFO]: Preparing spawn area: 33%
[09:09:07] [Server thread/INFO]: Preparing spawn area: 57%
[09:09:08] [Server thread/INFO]: Preparing spawn area: 82%
[09:09:09] [Server thread/INFO]: Changing view distance to 12, from 10
[09:09:10] [Server thread/INFO]: Player585[local:E:df4d2e18] logged in with entity id 203 at (260.5, 69.0, 257.5)
[09:09:10] [Server thread/INFO]: Player585 joined the game
[09:09:13] [Client thread/INFO]: [CHAT] Version 1.0.5.120 of NotEnoughItems is available
[09:09:13] [Client thread/INFO]: [CHAT] §7------------- §1[Mekanism]§7 -------------
[09:09:13] [Client thread/INFO]: [CHAT] §7 Using outdated version on one or more modules.
[09:09:13] [Client thread/INFO]: [CHAT] §9 Mekanism: §48.1.1
[09:09:13] [Client thread/INFO]: [CHAT] §9 MekanismGenerators: §48.1.1
[09:09:13] [Client thread/INFO]: [CHAT] §9 MekanismTools: §48.1.1
[09:09:13] [Client thread/INFO]: [CHAT] §7 Consider updating to version §89.2.1
[09:09:13] [Client thread/INFO]: [CHAT] §7 New features: §9A new round of fixes. Happy thanksgiving!
[09:09:13] [Client thread/INFO]: [CHAT] §7 Visit §8aidancbrady.com/mekanism§7 to download.
[09:09:13] [Client thread/INFO]: [CHAT] §7------------- §1[=======]§7 -------------
[09:09:15] [Server thread/INFO]: Saving and pausing game...
[09:09:15] [Server thread/INFO]: Saving chunks for level 'New World'/Overworld
[09:09:16] [Server thread/INFO]: Saving chunks for level 'New World'/Nether
[09:09:16] [Server thread/INFO]: Saving chunks for level 'New World'/The End
[09:09:27] [Server thread/INFO]: Saving and pausing game...
[09:09:27] [Server thread/INFO]: Saving chunks for level 'New World'/Overworld
[09:09:27] [Server thread/INFO]: Saving chunks for level 'New World'/Nether
[09:09:27] [Server thread/INFO]: Saving chunks for level 'New World'/The End
[09:09:29] [Server thread/INFO]: Stopping server
[09:09:29] [Server thread/INFO]: Saving players
[09:09:29] [Server thread/INFO]: Saving worlds
[09:09:29] [Server thread/INFO]: Saving chunks for level 'New World'/Overworld
[09:09:29] [Server thread/INFO]: Saving chunks for level 'New World'/Nether
[09:09:29] [Server thread/INFO]: Saving chunks for level 'New World'/The End
[09:09:31] [Client thread/INFO]: Stopping!
